Release 8.1i - platgen EDK_I.18.7
Copyright (c) 1995-2005 Xilinx, Inc.  All rights reserved.

Command Line: platgen -p xc2vp30ff896-7 -lang vhdl -lp D:/XilinxXUP/lib/ -st xst
system.mhs 

Parse system.mhs ...

Read MPD definitions ...
Sourcing tcl file
C:/EDK/hw/XilinxProcessorIPLib/pcores/microblaze_v4_00_a/data/microblaze_v2_1_0.
tcl ...
Sourcing tcl file
C:/EDK/hw/XilinxProcessorIPLib/pcores/opb_mdm_v2_00_a/data/opb_mdm_v2_1_0.tcl
...
Sourcing tcl file
C:/EDK/hw/XilinxProcessorIPLib/pcores/lmb_v10_v1_00_a/data/lmb_v10_v2_1_0.tcl
...
Sourcing tcl file
C:/EDK/hw/XilinxProcessorIPLib/pcores/lmb_bram_if_cntlr_v1_00_b/data/lmb_bram_if
_cntlr_v2_1_0.tcl ...
Sourcing tcl file
C:/EDK/hw/XilinxProcessorIPLib/pcores/opb_sysace_v1_00_c/data/opb_sysace_v2_1_0.
tcl ...
Sourcing tcl file
C:/EDK/hw/XilinxProcessorIPLib/pcores/dcm_module_v1_00_a/data/dcm_module_v2_1_0.
tcl ...

Overriding IP level properties ...
microblaze (microblaze_0) -
C:\EDK\hw\XilinxProcessorIPLib\pcores\microblaze_v4_00_a\data\microblaze_v2_1_0.
mpd line 63 - tool overriding c_family value virtex2 to virtex2p
microblaze (microblaze_0) -
C:\EDK\hw\XilinxProcessorIPLib\pcores\microblaze_v4_00_a\data\microblaze_v2_1_0.
mpd line 64 - tool overriding c_instance value microblaze to microblaze_0
microblaze (microblaze_0) -
C:\EDK\hw\XilinxProcessorIPLib\pcores\microblaze_v4_00_a\data\microblaze_v2_1_0.
mpd:93 - tcl overriding C_ADDR_TAG_BITS value 17 to 0
microblaze (microblaze_0) -
C:\EDK\hw\XilinxProcessorIPLib\pcores\microblaze_v4_00_a\data\microblaze_v2_1_0.
mpd:100 - tcl overriding C_DCACHE_ADDR_TAG value 17 to 0
opb_mdm (debug_module) -
C:\EDK\hw\XilinxProcessorIPLib\pcores\opb_mdm_v2_00_a\data\opb_mdm_v2_1_0.mpd
line 42 - tool overriding c_family value virtex2 to virtex2p
bram_block (ilmb_bram) -
C:\EDK\hw\XilinxProcessorIPLib\pcores\bram_block_v1_00_a\data\bram_block_v2_1_0.
mpd line 42 - tool overriding c_family value virtex2 to virtex2p
opb_gpio (leds_4bit) -
C:\EDK\hw\XilinxProcessorIPLib\pcores\opb_gpio_v3_01_b\data\opb_gpio_v2_1_0.mpd
line 41 - tool overriding c_family value virtex2 to virtex2p
opb_gpio (dipsws_4bit) -
C:\EDK\hw\XilinxProcessorIPLib\pcores\opb_gpio_v3_01_b\data\opb_gpio_v2_1_0.mpd
line 41 - tool overriding c_family value virtex2 to virtex2p
opb_gpio (pushbuttons_5bit) -
C:\EDK\hw\XilinxProcessorIPLib\pcores\opb_gpio_v3_01_b\data\opb_gpio_v2_1_0.mpd
line 41 - tool overriding c_family value virtex2 to virtex2p
dcm_module (dcm_0) -
C:\EDK\hw\XilinxProcessorIPLib\pcores\dcm_module_v1_00_a\data\dcm_module_v2_1_0.
mpd line 60 - tool overriding c_family value virtex2 to virtex2p
bram_block (data_bram_0) -
C:\EDK\hw\XilinxProcessorIPLib\pcores\bram_block_v1_00_a\data\bram_block_v2_1_0.
mpd line 42 - tool overriding c_family value virtex2 to virtex2p
bram_block (dlmb_bram) -
C:\EDK\hw\XilinxProcessorIPLib\pcores\bram_block_v1_00_a\data\bram_block_v2_1_0.
mpd line 42 - tool overriding c_family value virtex2 to virtex2p

Performing IP level DRCs on properties...

Running DRC Tcl procedures for OPTION IPLEVEL_DRC_PROC...
Sourcing tcl file
C:/EDK/hw/XilinxProcessorIPLib/pcores/bram_if_cntlr_v1_00_b/data/bram_if_cntlr_v
2_1_0.tcl ...
Sourcing tcl file
C:/EDK/hw/XilinxProcessorIPLib/pcores/bram_if_cntlr_v1_00_b/data/bram_if_cntlr_v
2_1_0.tcl ...
Sourcing tcl file
C:/EDK/hw/XilinxProcessorIPLib/pcores/bram_if_cntlr_v1_00_b/data/bram_if_cntlr_v
2_1_0.tcl ...
Address Map for Processor microblaze_0
  (0x00000000-0x0000ffff) ilmb_cntlr	ilmb
  (0x00010000-0x0001ffff) dlmb_cntlr	dlmb
  (0x40000000-0x4000ffff) PushButtons_5Bit	mb_opb
  (0x40020000-0x4002ffff) LEDs_4Bit	mb_opb
  (0x40040000-0x4004ffff) DIPSWs_4Bit	mb_opb
  (0x40600000-0x4060ffff) RS232_Uart_1	mb_opb
  (0x41400000-0x4140ffff) debug_module	mb_opb
  (0x41800000-0x4180ffff) SysACE_CompactFlash	mb_opb
  (0x70000000-0x7000ffff) data_bram_if_cntlr_0	dlmb

Check platform configuration ...
opb_v20 (mb_opb) - D:\mb-jpeg\system.mhs line 55 - 2 master(s) : 6 slave(s)
lmb_v10 (ilmb) - D:\mb-jpeg\system.mhs line 81 - 1 master(s) : 1 slave(s)
lmb_v10 (dlmb) - D:\mb-jpeg\system.mhs line 89 - 1 master(s) : 2 slave(s)

Check port drivers...
WARNING:MDT - dcm_0_lock (LOCKED) - D:\mb-jpeg\system.mhs line 207 - floating
   connection!

Check platform address map ...

Overriding system level properties ...
opb_v20 (mb_opb) -
C:\EDK\hw\XilinxProcessorIPLib\pcores\opb_v20_v1_10_c\data\opb_v20_v2_1_0.mpd
line 39 - tool overriding c_num_masters value 4 to 2
opb_v20 (mb_opb) -
C:\EDK\hw\XilinxProcessorIPLib\pcores\opb_v20_v1_10_c\data\opb_v20_v2_1_0.mpd
line 40 - tool overriding c_num_slaves value 4 to 6
lmb_v10 (ilmb) -
C:\EDK\hw\XilinxProcessorIPLib\pcores\lmb_v10_v1_00_a\data\lmb_v10_v2_1_0.mpd
line 39 - tool overriding c_lmb_num_slaves value 4 to 1
lmb_v10 (dlmb) -
C:\EDK\hw\XilinxProcessorIPLib\pcores\lmb_v10_v1_00_a\data\lmb_v10_v2_1_0.mpd
line 39 - tool overriding c_lmb_num_slaves value 4 to 2
lmb_bram_if_cntlr (dlmb_cntlr) -
C:\EDK\hw\XilinxProcessorIPLib\pcores\lmb_bram_if_cntlr_v1_00_b\data\lmb_bram_if
_cntlr_v2_1_0.mpd line 45 - tool overriding c_mask value 0x00800000 to
0x70c70000
lmb_bram_if_cntlr (ilmb_cntlr) -
C:\EDK\hw\XilinxProcessorIPLib\pcores\lmb_bram_if_cntlr_v1_00_b\data\lmb_bram_if
_cntlr_v2_1_0.mpd line 45 - tool overriding c_mask value 0x00800000 to
0x70c70000
bram_block (ilmb_bram) -
C:\EDK\hw\XilinxProcessorIPLib\pcores\bram_block_v1_00_a\data\bram_block_v2_1_0.
mpd line 38 - tool overriding c_memsize value 2048 to 0x10000
bram_block (data_bram_0) - D:\mb-jpeg\system.mhs line 213 - tool overriding
c_memsize value 16384 to 0x10000
lmb_bram_if_cntlr (data_bram_if_cntlr_0) -
C:\EDK\hw\XilinxProcessorIPLib\pcores\lmb_bram_if_cntlr_v1_00_b\data\lmb_bram_if
_cntlr_v2_1_0.mpd line 45 - tool overriding c_mask value 0x00800000 to
0x70c70000
bram_block (dlmb_bram) - D:\mb-jpeg\system.mhs line 229 - tool overriding
c_memsize value 16384 to 0x10000

Running DRC Tcl procedures for OPTION SYSLEVEL_DRC_PROC...

Performing System level DRCs on properties...

Running UPDATE Tcl procedures for OPTION PLATGEN_SYSLEVEL_UPDATE_PROC...

Modify defaults ...

Processing licensed instances ...
Completion time: 0.00 seconds

Creating hardware output directories ...

Managing hardware (BBD-specified) netlist files ...

Managing cache ...
opb_v20 (mb_opb) - D:\mb-jpeg\system.mhs:55 - Copying cache implementation
netlist
opb_mdm (debug_module) - D:\mb-jpeg\system.mhs:63 - Copying cache implementation
netlist
lmb_v10 (ilmb) - D:\mb-jpeg\system.mhs:81 - Copying cache implementation netlist
lmb_v10 (dlmb) - D:\mb-jpeg\system.mhs:89 - Copying cache implementation netlist
lmb_bram_if_cntlr (dlmb_cntlr) - D:\mb-jpeg\system.mhs:97 - Copying cache
implementation netlist
lmb_bram_if_cntlr (ilmb_cntlr) - D:\mb-jpeg\system.mhs:106 - Copying cache
implementation netlist
bram_block (ilmb_bram) - D:\mb-jpeg\system.mhs:115 - Copying cache
implementation netlist
opb_uartlite (rs232_uart_1) - D:\mb-jpeg\system.mhs:121 - Copying cache
implementation netlist
opb_sysace (sysace_compactflash) - D:\mb-jpeg\system.mhs:137 - Copying cache
implementation netlist
opb_gpio (leds_4bit) - D:\mb-jpeg\system.mhs:154 - Copying cache implementation
netlist
opb_gpio (dipsws_4bit) - D:\mb-jpeg\system.mhs:168 - Copying cache
implementation netlist
opb_gpio (pushbuttons_5bit) - D:\mb-jpeg\system.mhs:182 - Copying cache
implementation netlist
dcm_module (dcm_0) - D:\mb-jpeg\system.mhs:196 - Copying cache implementation
netlist
bram_block (data_bram_0) - D:\mb-jpeg\system.mhs:210 - Copying cache
implementation netlist
lmb_bram_if_cntlr (data_bram_if_cntlr_0) - D:\mb-jpeg\system.mhs:217 - Copying
cache implementation netlist
bram_block (dlmb_bram) - D:\mb-jpeg\system.mhs:226 - Copying cache
implementation netlist

Elaborating instances ...
bram_block (ilmb_bram) - D:\mb-jpeg\system.mhs:115 - elaborating IP
bram_block (data_bram_0) - D:\mb-jpeg\system.mhs:210 - elaborating IP
bram_block (dlmb_bram) - D:\mb-jpeg\system.mhs:226 - elaborating IP

Writing HDL for elaborated instances ...

Inserting wrapper level ...
Completion time: 4.00 seconds

Constructing platform-level signal connectivity ...
Completion time: 3.00 seconds

Writing (top-level) BMM ...
Writing BMM - D:\mb-jpeg\implementation\system.bmm

Writing (top-level and wrappers) HDL ...

Generating synthesis project file ...

Running XST synthesis ...
INFO:MDT - The following instances are synthesized with XST. The MPD option
   IMP_NETLIST=TRUE indicates that a NGC file is to be produced using XST
   synthesis. IMP_NETLIST=FALSE (default) instances are not synthesized.
microblaze_0_wrapper (microblaze_0) - D:\mb-jpeg\system.mhs:35 - Running XST
synthesis

Running NGCBUILD ...

Rebuilding cache ...
Total run time: 111.00 seconds

data_bram_if_cntlr_0_wrapper (data_bram_if_cntlr_0) - D:\mb-jpeg\system.mhs:218
- Running XST synthesis
data_bram_1_wrapper (data_bram_1) - D:\mb-jpeg\system.mhs:227 - Running XST
synthesis
data_bram_if_cntlr_1_wrapper (data_bram_if_cntlr_1) - D:\mb-jpeg\system.mhs:234
- Running XST synthesis

Running NGCBUILD ...

Rebuilding cache ...
Total run time: 317.00 seconds
